Arguments: 
  /Users/partha/.nvm/versions/node/v14.17.0/bin/node /usr/local/Cellar/yarn/1.22.4/libexec/bin/yarn.js install

PATH: 
  /usr/local/opt/mongodb-community@4.2/bin:/usr/local/opt/openssl@1.1/bin:/Users/partha/.nvm/versions/node/v14.17.0/bin:/Users/partha/.cargo/bin:/usr/local/opt/node@12/bin:/Users/partha/.serverless/bin:/usr/local/bin:/usr/bin:/bin:/usr/sbin:/sbin:/usr/local/go/bin:/Library/Apple/usr/bin:/usr/local/opt/mongodb-community@4.2/bin:/usr/local/opt/openssl@1.1/bin:/Users/partha/.cargo/bin:/usr/local/opt/node@12/bin:/Users/partha/.serverless/bin

Yarn version: 
  1.22.4

Node version: 
  14.17.0

Platform: 
  darwin x64

Trace: 
  Error: https://registry.yarnpkg.com/@BorealisProject%2fborealis-swap-lib: Not found
      at Request.params.callback [as _callback] (/usr/local/Cellar/yarn/1.22.4/libexec/lib/cli.js:66987:18)
      at Request.self.callback (/usr/local/Cellar/yarn/1.22.4/libexec/lib/cli.js:140748:22)
      at Request.emit (events.js:376:20)
      at Request.<anonymous> (/usr/local/Cellar/yarn/1.22.4/libexec/lib/cli.js:141720:10)
      at Request.emit (events.js:376:20)
      at IncomingMessage.<anonymous> (/usr/local/Cellar/yarn/1.22.4/libexec/lib/cli.js:141642:12)
      at Object.onceWrapper (events.js:482:28)
      at IncomingMessage.emit (events.js:388:22)
      at endReadableNT (internal/streams/readable.js:1336:12)
      at processTicksAndRejections (internal/process/task_queues.js:82:21)

npm manifest: 
  {
    "name": "@borealisswap/borealis-periphery",
    "version": "0.0.1",
    "description": "Borealis Swap Periphery",
    "engines": {
      "node": ">=10"
    },
    "files": [
      "build",
      "contracts"
    ],
    "dependencies": {
      "@borealisswap/borealis-core": "0.0.1",
      "@BorealisProject/borealis-swap-lib": "0.0.1"
    },
    "devDependencies": {
      "@ethersproject/abi": "^5.0.3",
      "@types/chai": "^4.2.6",
      "@types/mocha": "^5.2.7",
      "chai": "^4.2.0",
      "ethereum-waffle": "^2.4.1",
      "ethereumjs-util": "^6.2.0",
      "ethers": "^4.0.48",
      "mocha": "^6.2.2",
      "ncp": "^2.0.0",
      "prettier": "^1.19.1",
      "prettier-plugin-solidity": "^1.0.0-alpha.57",
      "rimraf": "^3.0.0",
      "solc": "0.6.6",
      "ts-node": "^8.5.4",
      "typescript": "^3.7.3"
    },
    "scripts": {
      "lint": "yarn prettier --check ./test/{**/*,*}.ts ./contracts/{**/*,*}.sol ",
      "lint:fix": "yarn prettier  --write ./test/{**/*,*}.ts ./contracts/{**/*,*}.sol",
      "clean": "rimraf ./build/",
      "precompile": "yarn clean",
      "compile": "waffle .waffle.json",
      "pretest": "yarn compile",
      "test": "mocha",
      "prepublishOnly": "yarn lint"
    },
    "license": "GPL-3.0-or-later",
    "repository": {
      "type": "git",
      "url": "ssh://git@github.com/BorealisSwap/borealis-periphery.git"
    },
    "publishConfig": {
      "registry": "https://registry.npmjs.org/"
    }
  }

yarn manifest: 
  No manifest

Lockfile: 
  No lockfile
